1:30.00:30.00:31:3.08:30
0
1
2
3
4
5
6
7
8
9
10
11
12
13
14
15
16
17
18
19
20
21
22
23
24
25
26
27
28
29
29
23
1
17
15
14
19
12
4
8
6
0
28
5
20
2
21
22
7
9
16
25
27
24
3
18
11
10
13
26
12
19
22
10
8
29
27
15
6
20
1
25
3
21
16
14
5
0
26
24
2
4
9
13
23
17
28
7
18
11
24
15
23
13
3
6
1
21
7
28
10
17
29
16
2
11
20
5
0
18
27
12
19
9
26
14
22
25
8
4
20
4
29
26
24
23
22
8
14
7
12
28
13
11
1
5
17
10
27
25
18
21
6
16
19
15
3
2
9
0
27
17
3
2
13
4
12
11
15
1
16
21
8
7
10
19
25
23
20
29
28
14
18
26
24
9
0
5
6
22
3
9
11
29
14
0
13
2
16
21
20
15
18
10
17
22
8
6
12
4
24
26
25
1
5
7
27
19
23
28
14
8
4
3
10
15
21
1
19
29
18
27
24
25
5
13
0
26
2
28
9
17
23
7
20
11
12
22
16
6
9
7
2
14
20
27
18
22
29
25
8
11
0
24
23
21
12
3
6
15
4
28
5
19
16
10
1
13
26
17
4
0
9
16
18
11
2
6
24
19
5
13
20
26
22
28
7
17
15
3
23
8
29
10
25
1
21
14
27
12
6
16
13
18
26
19
17
24
28
2
4
1
7
8
15
10
27
12
11
0
14
22
20
3
9
21
25
23
29
5
2
3
12
19
29
24
14
27
11
18
26
5
9
6
25
4
23
1
10
8
21
13
15
17
22
0
7
16
28
20
25
13
21
7
0
9
20
5
27
3
22
29
4
17
26
18
24
14
28
2
19
6
8
12
15
16
10
1
11
23
23
24
10
9
2
17
0
25
13
4
21
7
15
28
14
12
11
16
8
22
5
19
26
6
29
27
18
3
20
1
15
26
14
23
11
25
24
16
18
0
3
10
22
4
7
29
1
19
9
12
20
27
17
2
28
13
8
6
5
21
17
2
25
5
6
7
3
29
1
9
28
23
21
22
11
0
26
18
4
27
8
16
24
20
10
12
14
15
19
13
11
6
19
4
1
2
5
28
9
27
29
12
25
23
21
15
14
20
24
7
22
18
0
8
13
3
17
26
10
16
18
12
6
24
19
8
15
14
2
13
25
9
16
29
28
26
3
21
22
20
17
23
10
0
27
4
5
11
1
7
16
1
18
28
25
12
10
9
5
15
7
22
26
20
4
23
13
29
19
21
6
0
2
14
11
8
24
17
3
27
8
22
24
6
5
20
28
7
21
23
9
14
27
0
3
25
10
4
18
13
11
1
12
15
2
26
16
29
17
19
1
27
28
15
9
22
6
10
17
14
0
4
2
3
12
16
19
8
5
23
25
20
13
11
7
29
26
18
21
24
5
28
0
22
27
16
26
18
12
10
11
19
17
13
6
8
2
9
23
1
7
24
3
21
14
25
20
4
15
29
10
20
17
11
21
28
7
13
22
16
15
24
19
9
18
6
4
25
14
26
3
29
1
5
12
2
23
27
0
8
19
11
20
0
17
26
29
23
25
12
27
3
1
14
8
24
22
13
21
6
15
10
16
28
18
5
4
9
7
2
26
10
27
25
28
21
16
3
23
5
2
8
12
15
19
20
9
24
17
11
29
7
14
22
1
6
13
0
4
18
28
21
5
20
12
10
25
17
0
11
19
18
23
1
13
7
29
15
16
14
26
2
4
27
6
24
9
8
22
3
22
25
8
21
23
3
4
19
10
26
17
16
6
12
24
27
18
11
13
5
1
15
7
29
0
28
2
20
14
9
7
5
15
8
4
13
9
20
26
24
23
6
11
18
27
17
16
2
1
10
0
3
22
25
21
19
29
28
12
14
21
29
7
12
22
1
11
4
20
17
14
26
10
2
0
9
6
27
3
16
13
5
28
18
8
23
19
24
25
15
13
18
26
27
16
5
8
0
3
6
24
20
14
19
29
1
28
7
25
17
12
9
11
23
4
22
15
21
2
10
0
14
16
1
7
18
23
26
8
22
13
2
5
27
9
3
15
28
29
19
10
11
21
4
17
20
6
12
24
25
