1:18.00:18.00:0:0.06:18
0
1
2
3
4
5
6
7
8
9
10
11
12
13
14
15
16
17
0
1
2
3
4
5
6
7
8
9
17
11
12
13
14
15
16
10
1
2
3
4
5
6
7
8
9
10
11
12
13
14
15
16
17
0
2
3
15
5
6
7
8
9
10
11
12
13
14
4
16
17
0
1
3
4
5
6
7
8
9
10
11
12
13
14
15
16
17
0
1
2
13
5
6
7
8
9
10
11
12
4
14
15
16
17
0
1
2
3
5
6
7
8
9
10
11
1
13
14
15
16
17
0
12
2
3
4
6
7
8
9
10
11
15
13
14
5
16
17
0
1
2
3
4
12
7
8
9
10
11
12
13
14
15
16
6
0
1
2
3
4
5
17
8
9
10
11
12
13
14
15
16
17
0
1
2
3
4
5
6
7
9
10
11
1
13
14
12
16
17
0
4
2
3
15
5
8
7
6
10
11
12
13
14
15
16
17
0
1
2
3
4
5
6
7
8
9
11
12
13
14
15
16
17
0
1
2
3
4
5
6
7
10
9
8
4
13
14
15
16
17
0
12
2
3
1
5
6
7
8
9
10
11
15
14
4
16
17
0
1
2
3
13
10
6
7
8
9
12
11
5
14
15
16
17
0
1
2
3
4
6
5
7
8
9
10
11
12
13
12
16
17
0
1
2
3
4
5
15
7
8
9
10
11
6
13
14
16
17
0
12
2
3
4
5
6
7
8
9
10
11
1
13
14
15
17
0
1
2
3
4
5
6
7
8
9
10
11
12
13
14
15
16
