1:30.00:30.00:78:3.78:30
0
1
2
3
4
5
6
7
8
9
10
11
12
13
14
15
16
17
18
19
20
21
22
23
24
25
26
27
28
29
14
1
2
18
4
5
6
7
8
9
10
11
12
13
0
15
16
17
3
19
20
21
22
23
24
25
26
27
28
29
1
2
3
4
5
6
7
8
9
10
11
27
13
14
15
16
17
18
19
20
21
22
23
24
25
26
12
28
29
0
16
3
4
5
6
7
8
9
12
11
2
13
14
15
10
17
18
19
20
21
22
23
24
25
26
27
28
29
0
1
3
4
5
6
7
8
9
10
11
12
13
14
15
16
17
18
19
20
21
22
23
24
25
26
27
28
29
0
1
2
12
19
6
7
8
9
4
11
0
22
14
15
16
17
18
1
20
21
10
23
24
25
26
27
28
29
5
13
2
3
5
6
7
8
26
10
11
12
13
14
15
16
22
18
19
20
21
29
23
24
25
9
27
28
17
0
1
2
3
4
19
7
8
9
10
11
12
13
14
4
16
17
18
23
20
22
15
5
24
25
26
6
28
29
0
1
2
3
21
27
7
8
9
10
11
12
13
14
15
16
17
18
19
20
21
6
23
24
25
26
27
28
29
0
1
2
3
4
5
22
8
9
25
11
12
13
14
15
10
17
18
19
20
21
22
23
24
16
26
27
28
29
0
1
2
3
4
5
6
7
9
10
13
12
22
14
15
16
17
18
19
20
21
5
23
24
25
26
11
28
29
27
1
2
3
4
0
6
7
8
10
11
12
13
14
15
16
23
18
19
20
21
17
22
24
25
26
27
28
29
0
1
2
3
8
5
6
7
4
9
11
12
20
14
15
28
17
18
19
13
21
22
23
24
25
26
29
4
27
0
1
2
3
9
5
6
7
8
16
10
13
17
14
15
0
16
23
19
20
21
22
29
24
12
26
27
28
25
18
1
2
3
4
5
6
7
8
9
10
11
17
14
15
16
13
18
19
29
21
20
23
24
25
26
27
28
22
0
1
2
3
4
5
6
7
8
9
10
11
12
28
15
16
20
17
19
18
21
22
23
24
25
26
27
8
29
0
1
2
3
14
5
6
7
4
9
10
11
12
13
15
16
17
3
18
20
21
22
23
24
25
26
27
28
29
0
1
2
6
4
5
13
7
8
9
10
11
12
19
14
0
13
18
19
20
21
22
17
24
25
26
23
28
29
16
9
2
3
4
5
6
7
8
12
10
11
27
1
14
15
4
18
19
17
21
22
20
24
25
26
27
28
29
0
1
2
3
23
5
6
7
8
9
10
11
12
13
14
15
16
18
5
28
29
16
23
24
25
26
27
3
6
0
1
2
21
4
22
9
7
8
17
10
11
12
13
14
15
20
19
6
20
21
22
23
24
25
26
27
28
29
0
1
2
3
4
5
12
7
8
9
10
11
19
13
14
15
16
17
18
20
21
22
23
24
25
26
27
28
29
0
1
2
3
4
5
10
7
8
9
19
11
12
13
14
15
16
17
18
6
21
22
23
24
25
26
27
28
7
0
1
2
3
4
5
19
6
8
15
10
11
12
13
14
29
16
17
18
9
20
22
23
24
0
2
27
10
20
5
1
9
3
4
25
6
7
8
28
29
11
12
26
14
15
16
17
18
19
13
21
23
24
11
26
9
17
29
0
1
2
28
4
5
6
7
3
27
10
22
12
13
14
15
16
21
18
19
20
8
25
24
25
26
27
28
29
0
1
2
3
4
5
6
7
14
8
9
11
12
13
10
15
16
17
18
19
20
21
22
23
25
26
27
28
29
0
1
2
3
15
5
12
7
8
9
10
11
6
13
14
4
16
17
18
19
20
21
22
23
24
26
27
10
25
19
1
2
3
29
5
6
7
8
9
28
11
12
13
14
15
16
0
18
4
20
21
22
23
24
17
27
28
29
21
1
2
3
5
4
6
7
8
9
10
11
12
13
14
0
16
17
18
19
20
15
22
23
24
25
26
2
29
0
1
27
3
28
4
6
7
8
9
10
11
12
13
14
15
16
17
18
19
20
21
22
23
24
25
26
5
29
0
1
2
3
4
5
6
16
8
12
10
11
19
13
14
7
9
17
18
15
20
21
22
23
24
25
26
27
28
